<?xml version="1.0" encoding="UTF-8"?>
<testsuite xmlns:xsi="http://www.w3.org/2001/XMLSchema-instance" xsi:noNamespaceSchemaLocation="https://maven.apache.org/surefire/maven-surefire-plugin/xsd/surefire-test-report-3.0.xsd" version="3.0" name="app.tools.AppTest" time="0.066" tests="1" errors="0" skipped="0" failures="0">
  <properties>
    <property name="java.specification.version" value="17"/>
    <property name="sun.cpu.isalist" value="amd64"/>
    <property name="sun.jnu.encoding" value="Cp1252"/>
    <property name="java.class.path" value="D:\Projects\Java\AppTool\target\test-classes;D:\Projects\Java\AppTool\target\classes;C:\Users\jrkai\.m2\repository\com\google\zxing\core\3.4.1\core-3.4.1.jar;C:\Users\jrkai\.m2\repository\com\google\zxing\javase\3.4.1\javase-3.4.1.jar;C:\Users\jrkai\.m2\repository\com\beust\jcommander\1.78\jcommander-1.78.jar;C:\Users\jrkai\.m2\repository\com\github\jai-imageio\jai-imageio-core\1.4.0\jai-imageio-core-1.4.0.jar;C:\Users\jrkai\.m2\repository\org\bouncycastle\bcpkix-jdk18on\1.75\bcpkix-jdk18on-1.75.jar;C:\Users\jrkai\.m2\repository\org\bouncycastle\bcprov-jdk18on\1.75\bcprov-jdk18on-1.75.jar;C:\Users\jrkai\.m2\repository\org\bouncycastle\bcutil-jdk18on\1.75\bcutil-jdk18on-1.75.jar;C:\Users\jrkai\.m2\repository\junit\junit\4.13.2\junit-4.13.2.jar;C:\Users\jrkai\.m2\repository\org\hamcrest\hamcrest-core\1.3\hamcrest-core-1.3.jar;C:\Users\jrkai\.m2\repository\org\junit\jupiter\junit-jupiter\6.0.0-RC3\junit-jupiter-6.0.0-RC3.jar;C:\Users\jrkai\.m2\repository\org\junit\jupiter\junit-jupiter-api\6.0.0-RC3\junit-jupiter-api-6.0.0-RC3.jar;C:\Users\jrkai\.m2\repository\org\opentest4j\opentest4j\1.3.0\opentest4j-1.3.0.jar;C:\Users\jrkai\.m2\repository\org\junit\platform\junit-platform-commons\6.0.0-RC3\junit-platform-commons-6.0.0-RC3.jar;C:\Users\jrkai\.m2\repository\org\apiguardian\apiguardian-api\1.1.2\apiguardian-api-1.1.2.jar;C:\Users\jrkai\.m2\repository\org\jspecify\jspecify\1.0.0\jspecify-1.0.0.jar;C:\Users\jrkai\.m2\repository\org\junit\jupiter\junit-jupiter-params\6.0.0-RC3\junit-jupiter-params-6.0.0-RC3.jar;C:\Users\jrkai\.m2\repository\org\junit\jupiter\junit-jupiter-engine\6.0.0-RC3\junit-jupiter-engine-6.0.0-RC3.jar;C:\Users\jrkai\.m2\repository\org\junit\platform\junit-platform-engine\6.0.0-RC3\junit-platform-engine-6.0.0-RC3.jar;C:\Users\jrkai\.m2\repository\com\squareup\moshi\moshi\1.15.0\moshi-1.15.0.jar;C:\Users\jrkai\.m2\repository\com\squareup\okio\okio\2.10.0\okio-2.10.0.jar;C:\Users\jrkai\.m2\repository\org\jetbrains\kotlin\kotlin-stdlib\1.4.20\kotlin-stdlib-1.4.20.jar;C:\Users\jrkai\.m2\repository\org\jetbrains\annotations\13.0\annotations-13.0.jar;C:\Users\jrkai\.m2\repository\org\jetbrains\kotlin\kotlin-stdlib-common\1.4.20\kotlin-stdlib-common-1.4.20.jar;C:\Users\jrkai\.m2\repository\org\jetbrains\kotlin\kotlin-stdlib-jdk8\1.8.21\kotlin-stdlib-jdk8-1.8.21.jar;C:\Users\jrkai\.m2\repository\org\jetbrains\kotlin\kotlin-stdlib-jdk7\1.8.21\kotlin-stdlib-jdk7-1.8.21.jar;C:\Users\jrkai\.m2\repository\org\apache\pdfbox\pdfbox\2.0.32\pdfbox-2.0.32.jar;C:\Users\jrkai\.m2\repository\org\apache\pdfbox\fontbox\2.0.32\fontbox-2.0.32.jar;C:\Users\jrkai\.m2\repository\commons-logging\commons-logging\1.2\commons-logging-1.2.jar;C:\Users\jrkai\.m2\repository\com\fasterxml\jackson\core\jackson-databind\2.17.0\jackson-databind-2.17.0.jar;C:\Users\jrkai\.m2\repository\com\fasterxml\jackson\core\jackson-annotations\2.17.0\jackson-annotations-2.17.0.jar;C:\Users\jrkai\.m2\repository\com\fasterxml\jackson\core\jackson-core\2.17.0\jackson-core-2.17.0.jar;C:\Users\jrkai\.m2\repository\net\bytebuddy\byte-buddy\1.14.9\byte-buddy-1.14.9.jar;C:\Users\jrkai\.m2\repository\com\sun\mail\jakarta.mail\2.0.1\jakarta.mail-2.0.1.jar;C:\Users\jrkai\.m2\repository\com\sun\activation\jakarta.activation\2.0.1\jakarta.activation-2.0.1.jar;"/>
    <property name="java.vm.vendor" value="Amazon.com Inc."/>
    <property name="sun.arch.data.model" value="64"/>
    <property name="user.variant" value=""/>
    <property name="java.vendor.url" value="https://aws.amazon.com/corretto/"/>
    <property name="user.timezone" value="America/Sao_Paulo"/>
    <property name="user.country.format" value="BR"/>
    <property name="os.name" value="Windows 11"/>
    <property name="java.vm.specification.version" value="17"/>
    <property name="sun.java.launcher" value="SUN_STANDARD"/>
    <property name="user.country" value="US"/>
    <property name="sun.boot.library.path" value="C:\Program Files\Amazon Corretto\jdk17.0.16_8\bin"/>
    <property name="sun.java.command" value="C:\Users\jrkai\AppData\Local\Temp\surefire8195635575742298093\surefirebooter-20250922165008792_3.jar C:\Users\jrkai\AppData\Local\Temp\surefire8195635575742298093 2025-09-22T16-50-08_682-jvmRun1 surefire-20250922165008792_1tmp surefire_0-20250922165008792_2tmp"/>
    <property name="jdk.debug" value="release"/>
    <property name="surefire.test.class.path" value="D:\Projects\Java\AppTool\target\test-classes;D:\Projects\Java\AppTool\target\classes;C:\Users\jrkai\.m2\repository\com\google\zxing\core\3.4.1\core-3.4.1.jar;C:\Users\jrkai\.m2\repository\com\google\zxing\javase\3.4.1\javase-3.4.1.jar;C:\Users\jrkai\.m2\repository\com\beust\jcommander\1.78\jcommander-1.78.jar;C:\Users\jrkai\.m2\repository\com\github\jai-imageio\jai-imageio-core\1.4.0\jai-imageio-core-1.4.0.jar;C:\Users\jrkai\.m2\repository\org\bouncycastle\bcpkix-jdk18on\1.75\bcpkix-jdk18on-1.75.jar;C:\Users\jrkai\.m2\repository\org\bouncycastle\bcprov-jdk18on\1.75\bcprov-jdk18on-1.75.jar;C:\Users\jrkai\.m2\repository\org\bouncycastle\bcutil-jdk18on\1.75\bcutil-jdk18on-1.75.jar;C:\Users\jrkai\.m2\repository\junit\junit\4.13.2\junit-4.13.2.jar;C:\Users\jrkai\.m2\repository\org\hamcrest\hamcrest-core\1.3\hamcrest-core-1.3.jar;C:\Users\jrkai\.m2\repository\org\junit\jupiter\junit-jupiter\6.0.0-RC3\junit-jupiter-6.0.0-RC3.jar;C:\Users\jrkai\.m2\repository\org\junit\jupiter\junit-jupiter-api\6.0.0-RC3\junit-jupiter-api-6.0.0-RC3.jar;C:\Users\jrkai\.m2\repository\org\opentest4j\opentest4j\1.3.0\opentest4j-1.3.0.jar;C:\Users\jrkai\.m2\repository\org\junit\platform\junit-platform-commons\6.0.0-RC3\junit-platform-commons-6.0.0-RC3.jar;C:\Users\jrkai\.m2\repository\org\apiguardian\apiguardian-api\1.1.2\apiguardian-api-1.1.2.jar;C:\Users\jrkai\.m2\repository\org\jspecify\jspecify\1.0.0\jspecify-1.0.0.jar;C:\Users\jrkai\.m2\repository\org\junit\jupiter\junit-jupiter-params\6.0.0-RC3\junit-jupiter-params-6.0.0-RC3.jar;C:\Users\jrkai\.m2\repository\org\junit\jupiter\junit-jupiter-engine\6.0.0-RC3\junit-jupiter-engine-6.0.0-RC3.jar;C:\Users\jrkai\.m2\repository\org\junit\platform\junit-platform-engine\6.0.0-RC3\junit-platform-engine-6.0.0-RC3.jar;C:\Users\jrkai\.m2\repository\com\squareup\moshi\moshi\1.15.0\moshi-1.15.0.jar;C:\Users\jrkai\.m2\repository\com\squareup\okio\okio\2.10.0\okio-2.10.0.jar;C:\Users\jrkai\.m2\repository\org\jetbrains\kotlin\kotlin-stdlib\1.4.20\kotlin-stdlib-1.4.20.jar;C:\Users\jrkai\.m2\repository\org\jetbrains\annotations\13.0\annotations-13.0.jar;C:\Users\jrkai\.m2\repository\org\jetbrains\kotlin\kotlin-stdlib-common\1.4.20\kotlin-stdlib-common-1.4.20.jar;C:\Users\jrkai\.m2\repository\org\jetbrains\kotlin\kotlin-stdlib-jdk8\1.8.21\kotlin-stdlib-jdk8-1.8.21.jar;C:\Users\jrkai\.m2\repository\org\jetbrains\kotlin\kotlin-stdlib-jdk7\1.8.21\kotlin-stdlib-jdk7-1.8.21.jar;C:\Users\jrkai\.m2\repository\org\apache\pdfbox\pdfbox\2.0.32\pdfbox-2.0.32.jar;C:\Users\jrkai\.m2\repository\org\apache\pdfbox\fontbox\2.0.32\fontbox-2.0.32.jar;C:\Users\jrkai\.m2\repository\commons-logging\commons-logging\1.2\commons-logging-1.2.jar;C:\Users\jrkai\.m2\repository\com\fasterxml\jackson\core\jackson-databind\2.17.0\jackson-databind-2.17.0.jar;C:\Users\jrkai\.m2\repository\com\fasterxml\jackson\core\jackson-annotations\2.17.0\jackson-annotations-2.17.0.jar;C:\Users\jrkai\.m2\repository\com\fasterxml\jackson\core\jackson-core\2.17.0\jackson-core-2.17.0.jar;C:\Users\jrkai\.m2\repository\net\bytebuddy\byte-buddy\1.14.9\byte-buddy-1.14.9.jar;C:\Users\jrkai\.m2\repository\com\sun\mail\jakarta.mail\2.0.1\jakarta.mail-2.0.1.jar;C:\Users\jrkai\.m2\repository\com\sun\activation\jakarta.activation\2.0.1\jakarta.activation-2.0.1.jar;"/>
    <property name="sun.cpu.endian" value="little"/>
    <property name="user.home" value="C:\Users\jrkai"/>
    <property name="user.language" value="en"/>
    <property name="java.specification.vendor" value="Oracle Corporation"/>
    <property name="java.version.date" value="2025-07-15"/>
    <property name="java.home" value="C:\Program Files\Amazon Corretto\jdk17.0.16_8"/>
    <property name="file.separator" value="\"/>
    <property name="basedir" value="D:\Projects\Java\AppTool"/>
    <property name="java.vm.compressedOopsMode" value="Zero based"/>
    <property name="line.separator" value="&#10;"/>
    <property name="java.vm.specification.vendor" value="Oracle Corporation"/>
    <property name="java.specification.name" value="Java Platform API Specification"/>
    <property name="surefire.real.class.path" value="C:\Users\jrkai\AppData\Local\Temp\surefire8195635575742298093\surefirebooter-20250922165008792_3.jar"/>
    <property name="user.script" value=""/>
    <property name="sun.management.compiler" value="HotSpot 64-Bit Tiered Compilers"/>
    <property name="java.runtime.version" value="17.0.16+8-LTS"/>
    <property name="user.name" value="jrkai"/>
    <property name="path.separator" value=";"/>
    <property name="os.version" value="10.0"/>
    <property name="java.runtime.name" value="OpenJDK Runtime Environment"/>
    <property name="file.encoding" value="Cp1252"/>
    <property name="java.vm.name" value="OpenJDK 64-Bit Server VM"/>
    <property name="java.vendor.version" value="Corretto-17.0.16.8.1"/>
    <property name="localRepository" value="C:\Users\jrkai\.m2\repository"/>
    <property name="java.vendor.url.bug" value="https://github.com/corretto/corretto-17/issues/"/>
    <property name="java.io.tmpdir" value="C:\Users\jrkai\AppData\Local\Temp\"/>
    <property name="java.version" value="17.0.16"/>
    <property name="user.dir" value="D:\Projects\Java\AppTool"/>
    <property name="os.arch" value="amd64"/>
    <property name="java.vm.specification.name" value="Java Virtual Machine Specification"/>
    <property name="user.language.format" value="pt"/>
    <property name="sun.os.patch.level" value=""/>
    <property name="native.encoding" value="Cp1252"/>
    <property name="java.library.path" value="C:\Program Files\Amazon Corretto\jdk17.0.16_8\bin;C:\WINDOWS\Sun\Java\bin;C:\WINDOWS\system32;C:\WINDOWS;C:\Program Files\Amazon Corretto\jdk17.0.16_8\bin;C:\WINDOWS\system32;C:\WINDOWS;C:\WINDOWS\System32\Wbem;C:\WINDOWS\System32\WindowsPowerShell\v1.0\;C:\WINDOWS\System32\OpenSSH\;C:\Program Files\dotnet\;C:\Program Files\Docker\Docker\resources\bin;C:\Program Files\Microsoft SQL Server\Client SDK\ODBC\170\Tools\Binn\;C:\Program Files\Microsoft SQL Server\160\Tools\Binn\;C:\Program Files\Microsoft SQL Server\150\Tools\Binn\;C:\Program Files (x86)\Microsoft SQL Server\160\Tools\Binn\;C:\Program Files\Microsoft SQL Server\160\DTS\Binn\;C:\Program Files\Amazon\AWSCLIV2\;C:\ProgramData\chocolatey\bin;C:\ProgramData\chocolatey\lib\maven\apache-maven-3.9.11\bin;C:\Program Files\TortoiseSVN\bin;C:\Program Files\nodejs\;C:\Program Files (x86)\Yarn\bin\;C:\Program Files\PuTTY\;C:\Users\jrkai\AppData\Local\Microsoft\WindowsApps;C:\Users\jrkai\AppData\Local\JetBrains\Toolbox\scripts;;C:\Users\jrkai\AppData\Local\Microsoft\WindowsApps;C:\Users\jrkai\AppData\Local\Programs\Microsoft VS Code\bin;C:\Users\jrkai\AppData\Local\Programs\cursor\resources\app\bin;C:\Users\jrkai\AppData\Roaming\npm;C:\Users\jrkai\AppData\Local\Yarn\bin;C:\Users\jrkai\.dotnet\tools;."/>
    <property name="java.vm.info" value="mixed mode, sharing"/>
    <property name="java.vendor" value="Amazon.com Inc."/>
    <property name="java.vm.version" value="17.0.16+8-LTS"/>
    <property name="java.specification.maintenance.version" value="1"/>
    <property name="sun.io.unicode.encoding" value="UnicodeLittle"/>
    <property name="java.class.version" value="61.0"/>
  </properties>
  <testcase name="shouldAnswerWithTrue" classname="app.tools.AppTest" time="0.048"/>
</testsuite>